{
  "stats": {
    "suites": 1,
    "tests": 3,
    "passes": 3,
    "pending": 0,
    "failures": 0,
    "start": "2024-11-12T05:44:56.214Z",
    "end": "2024-11-12T05:45:01.589Z",
    "duration": 5375,
    "testsRegistered": 3,
    "passPercent": 100,
    "pendingPercent": 0,
    "other": 0,
    "hasOther": false,
    "skipped": 0,
    "hasSkipped": false
  },
  "results": [
    {
      "uuid": "024c802c-363b-4605-93c3-8213cba470fc",
      "title": "",
      "fullFile": "cypress\\tests\\authen\\LoginTest.js",
      "file": "cypress\\tests\\authen\\LoginTest.js",
      "beforeHooks": [],
      "afterHooks": [],
      "tests": [],
      "suites": [
        {
          "uuid": "667cd0db-0a2d-4535-8041-4cd08ae1d774",
          "title": "Login Test",
          "fullFile": "",
          "file": "",
          "beforeHooks": [],
          "afterHooks": [],
          "tests": [
            {
              "title": "should be able to login with correct creds",
              "fullTitle": "Login Test should be able to login with correct creds",
              "timedOut": null,
              "duration": 3470,
              "state": "passed",
              "speed": "fast",
              "pass": true,
              "fail": false,
              "pending": false,
              "context": null,
              "code": "headerComp.loginLink().click({\n  force: true\n});\ncy.get('#logInModal form').should('be.visible');\ncy.get('#loginusername').type(`${LOGIN_CRED.username}`, {\n  force: true,\n  waitForAnimations: true\n});\ncy.get('#loginpassword').type(`${LOGIN_CRED.password}`, {\n  force: true,\n  waitForAnimations: true\n});\ncy.get('[onclick=\"logIn()\"]').click({\n  force: true\n});\ncy.get('#nameofuser').should('be.visible');\ncy.get('#nameofuser').should('contain.text', `Welcome ${LOGIN_CRED.username}`);\ncy.on('window: alert', () => {\n  expect(alert).to.contains(\"User does not exits.\");\n});",
              "err": {},
              "uuid": "d4c51e1f-c160-4f2a-bd3d-6b429ba900bc",
              "parentUUID": "667cd0db-0a2d-4535-8041-4cd08ae1d774",
              "isHook": false,
              "skipped": false
            },
            {
              "title": "should be able to see wrong username",
              "fullTitle": "Login Test should be able to see wrong username",
              "timedOut": null,
              "duration": 818,
              "state": "passed",
              "speed": "fast",
              "pass": true,
              "fail": false,
              "pending": false,
              "context": null,
              "code": "headerComp.loginLink().click({\n  force: true\n});\ncy.get('#logInModal form').should('be.visible');\ncy.get('#loginusername').type(`${LOGIN_CRED.username}_WRONG`, {\n  force: true,\n  waitForAnimations: true\n});\ncy.get('#loginpassword').type(`${LOGIN_CRED.password}`, {\n  force: true,\n  waitForAnimations: true\n});\ncy.get('[onclick=\"logIn()\"]').click({\n  force: true\n});\ncy.on('window: alert', alert => {\n  expect(alert).to.contains(\"User does not exits.\");\n});",
              "err": {},
              "uuid": "30c0d71e-942a-4142-9469-73a6db36fff7",
              "parentUUID": "667cd0db-0a2d-4535-8041-4cd08ae1d774",
              "isHook": false,
              "skipped": false
            },
            {
              "title": "should be able to see wrong password",
              "fullTitle": "Login Test should be able to see wrong password",
              "timedOut": null,
              "duration": 943,
              "state": "passed",
              "speed": "fast",
              "pass": true,
              "fail": false,
              "pending": false,
              "context": null,
              "code": "headerComp.loginLink().click({\n  force: true\n});\ncy.get('#logInModal form').should('be.visible');\ncy.get('#loginusername').type(`${LOGIN_CRED.username}`, {\n  force: true,\n  waitForAnimations: true\n});\ncy.get('#loginpassword').type(`${LOGIN_CRED.password}_WRONG`, {\n  force: true,\n  waitForAnimations: true\n});\ncy.get('[onclick=\"logIn()\"]').click({\n  force: true\n});\ncy.on('window: alert', alert => {\n  expect(alert).to.contains(\"User does not exits.\");\n});",
              "err": {},
              "uuid": "b0b94aef-69d9-4ba5-a9ae-1aaf3637c5dc",
              "parentUUID": "667cd0db-0a2d-4535-8041-4cd08ae1d774",
              "isHook": false,
              "skipped": false
            }
          ],
          "suites": [],
          "passes": [
            "d4c51e1f-c160-4f2a-bd3d-6b429ba900bc",
            "30c0d71e-942a-4142-9469-73a6db36fff7",
            "b0b94aef-69d9-4ba5-a9ae-1aaf3637c5dc"
          ],
          "failures": [],
          "pending": [],
          "skipped": [],
          "duration": 5231,
          "root": false,
          "rootEmpty": false,
          "_timeout": 2000
        }
      ],
      "passes": [],
      "failures": [],
      "pending": [],
      "skipped": [],
      "duration": 0,
      "root": true,
      "rootEmpty": true,
      "_timeout": 2000
    }
  ],
  "meta": {
    "mocha": {
      "version": "7.0.1"
    },
    "mochawesome": {
      "options": {
        "quiet": false,
        "reportFilename": "mochawesome",
        "saveHtml": false,
        "saveJson": true,
        "consoleReporter": "spec",
        "useInlineDiffs": false,
        "code": true
      },
      "version": "7.1.3"
    },
    "marge": {
      "options": {
        "reportDir": "results",
        "overwrite": false,
        "html": false,
        "json": true
      },
      "version": "6.2.0"
    }
  }
}