{
  "stats": {
    "suites": 1,
    "tests": 1,
    "passes": 1,
    "pending": 0,
    "failures": 0,
    "start": "2024-11-12T04:21:24.341Z",
    "end": "2024-11-12T04:21:26.410Z",
    "duration": 2069,
    "testsRegistered": 1,
    "passPercent": 100,
    "pendingPercent": 0,
    "other": 0,
    "hasOther": false,
    "skipped": 0,
    "hasSkipped": false
  },
  "results": [
    {
      "uuid": "62db7056-4548-44ef-8b16-4b68482a796c",
      "title": "",
      "fullFile": "cypress\\tests\\signup\\SignUpTest.js",
      "file": "cypress\\tests\\signup\\SignUpTest.js",
      "beforeHooks": [],
      "afterHooks": [],
      "tests": [],
      "suites": [
        {
          "uuid": "fb6542dc-772a-4a27-a32f-a54e162024ce",
          "title": "Login Test",
          "fullFile": "",
          "file": "",
          "beforeHooks": [],
          "afterHooks": [],
          "tests": [
            {
              "title": "should be able to login with correct creds",
              "fullTitle": "Login Test should be able to login with correct creds",
              "timedOut": null,
              "duration": 2032,
              "state": "passed",
              "speed": "fast",
              "pass": true,
              "fail": false,
              "pending": false,
              "context": null,
              "code": "headerComp.getSignUpLink().click({\n  force: true\n});\ncy.get('.modal-dialog form').should('be.visible');\ncy.get('#sign-username').type(`${SIGN_UP_CRED.username}`, {\n  force: true,\n  waitForAnimations: true\n});\ncy.get('#sign-password').type(`${SIGN_UP_CRED.password}`, {\n  force: true,\n  waitForAnimations: true\n});\ncy.get('[onclick=\"register()\"]').click({\n  force: true\n});\n//verify alert giong ben login....\n// cy.on('window: alert',alert=>{\n//     expect(alert).to.contains(\"User does not exits.\")\n// })",
              "err": {},
              "uuid": "16efc516-e959-4151-a946-5aae934311fe",
              "parentUUID": "fb6542dc-772a-4a27-a32f-a54e162024ce",
              "isHook": false,
              "skipped": false
            }
          ],
          "suites": [],
          "passes": [
            "16efc516-e959-4151-a946-5aae934311fe"
          ],
          "failures": [],
          "pending": [],
          "skipped": [],
          "duration": 2032,
          "root": false,
          "rootEmpty": false,
          "_timeout": 2000
        }
      ],
      "passes": [],
      "failures": [],
      "pending": [],
      "skipped": [],
      "duration": 0,
      "root": true,
      "rootEmpty": true,
      "_timeout": 2000
    }
  ],
  "meta": {
    "mocha": {
      "version": "7.0.1"
    },
    "mochawesome": {
      "options": {
        "quiet": false,
        "reportFilename": "mochawesome",
        "saveHtml": false,
        "saveJson": true,
        "consoleReporter": "spec",
        "useInlineDiffs": false,
        "code": true
      },
      "version": "7.1.3"
    },
    "marge": {
      "options": {
        "reportDir": "results",
        "overwrite": false,
        "html": false,
        "json": true
      },
      "version": "6.2.0"
    }
  }
}