{
  "stats": {
    "suites": 1,
    "tests": 1,
    "passes": 1,
    "pending": 0,
    "failures": 0,
    "start": "2024-11-12T04:21:13.374Z",
    "end": "2024-11-12T04:21:14.692Z",
    "duration": 1318,
    "testsRegistered": 1,
    "passPercent": 100,
    "pendingPercent": 0,
    "other": 0,
    "hasOther": false,
    "skipped": 0,
    "hasSkipped": false
  },
  "results": [
    {
      "uuid": "75c4cba7-b214-4d97-83b7-21b427ee7533",
      "title": "",
      "fullFile": "cypress\\tests\\components\\FooterTest.js",
      "file": "cypress\\tests\\components\\FooterTest.js",
      "beforeHooks": [],
      "afterHooks": [],
      "tests": [],
      "suites": [
        {
          "uuid": "594546b2-2050-4ceb-b677-1508c215d470",
          "title": "Footer Component Test",
          "fullFile": "",
          "file": "",
          "beforeHooks": [],
          "afterHooks": [],
          "tests": [
            {
              "title": "Test for brand logo",
              "fullTitle": "Footer Component Test Test for brand logo",
              "timedOut": null,
              "duration": 1278,
              "state": "passed",
              "speed": "fast",
              "pass": true,
              "fail": false,
              "pending": false,
              "context": null,
              "code": "let expectedDataUs = {};\ncy.fixture('getAboutUsdata').then(data => {\n  expectedDataUs = data;\n});\nfooterComp.getAboutUsdata().then(actualAboutUsData => {\n  cy.log(cy.log(JSON.stringify(actualAboutUsData)));\n  cy.wrap('').then(() => {\n    // expect (actualAboutUsData.header).to.equal(expectedDataUs.header);\n    // expect (actualAboutUsData.desc).to.equal(expectedDataUs.desc);\n    expect(actualAboutUsData).to.eql(expectedDataUs);\n  });\n});",
              "err": {},
              "uuid": "2b63529f-5240-42d2-946d-db6037d4d4b6",
              "parentUUID": "594546b2-2050-4ceb-b677-1508c215d470",
              "isHook": false,
              "skipped": false
            }
          ],
          "suites": [],
          "passes": [
            "2b63529f-5240-42d2-946d-db6037d4d4b6"
          ],
          "failures": [],
          "pending": [],
          "skipped": [],
          "duration": 1278,
          "root": false,
          "rootEmpty": false,
          "_timeout": 2000
        }
      ],
      "passes": [],
      "failures": [],
      "pending": [],
      "skipped": [],
      "duration": 0,
      "root": true,
      "rootEmpty": true,
      "_timeout": 2000
    }
  ],
  "meta": {
    "mocha": {
      "version": "7.0.1"
    },
    "mochawesome": {
      "options": {
        "quiet": false,
        "reportFilename": "mochawesome",
        "saveHtml": false,
        "saveJson": true,
        "consoleReporter": "spec",
        "useInlineDiffs": false,
        "code": true
      },
      "version": "7.1.3"
    },
    "marge": {
      "options": {
        "reportDir": "results",
        "overwrite": false,
        "html": false,
        "json": true
      },
      "version": "6.2.0"
    }
  }
}