{
  "stats": {
    "suites": 1,
    "tests": 1,
    "passes": 0,
    "pending": 0,
    "failures": 1,
    "start": "2024-11-12T05:45:09.003Z",
    "end": "2024-11-12T05:45:15.363Z",
    "duration": 6360,
    "testsRegistered": 3,
    "passPercent": 0,
    "pendingPercent": 0,
    "other": 0,
    "hasOther": false,
    "skipped": 2,
    "hasSkipped": true
  },
  "results": [
    {
      "uuid": "224274bd-7e30-46a4-9105-47179733f65d",
      "title": "",
      "fullFile": "cypress\\tests\\components\\HomePageCategoryTest.js",
      "file": "cypress\\tests\\components\\HomePageCategoryTest.js",
      "beforeHooks": [],
      "afterHooks": [],
      "tests": [],
      "suites": [
        {
          "uuid": "2ada65de-5b0b-41e8-b123-4afaef38ccf9",
          "title": "HomePage category Test",
          "fullFile": "",
          "file": "",
          "beforeHooks": [],
          "afterHooks": [],
          "tests": [
            {
              "title": "should be able to filter phone products",
              "fullTitle": "HomePage category Test should be able to filter phone products",
              "timedOut": null,
              "duration": 6293,
              "state": "failed",
              "speed": null,
              "pass": false,
              "fail": true,
              "pending": false,
              "context": null,
              "code": "verifyCategoryFilterBy(product);",
              "err": {
                "message": "CypressError: Timed out retrying after 5000ms: `cy.wait()` timed out waiting `5000ms` for the 1st request to the route: `entries`. No request ever occurred.\n\nhttps://on.cypress.io/wait\n\nBecause this error occurred during a `before each` hook we are skipping the remaining tests in the current suite: `HomePage category Test`",
                "estack": "CypressError: Timed out retrying after 5000ms: `cy.wait()` timed out waiting `5000ms` for the 1st request to the route: `entries`. No request ever occurred.\n\nhttps://on.cypress.io/wait\n\nBecause this error occurred during a `before each` hook we are skipping the remaining tests in the current suite: `HomePage category Test`\n    at cypressErr (https://www.demoblaze.com/__cypress/runner/cypress_runner.js:75898:18)\n    at Object.errByPath (https://www.demoblaze.com/__cypress/runner/cypress_runner.js:75952:10)\n    at checkForXhr (https://www.demoblaze.com/__cypress/runner/cypress_runner.js:135185:84)\n    at <unknown> (https://www.demoblaze.com/__cypress/runner/cypress_runner.js:135211:28)\n    at tryCatcher (https://www.demoblaze.com/__cypress/runner/cypress_runner.js:1807:23)\n    at Promise.attempt.Promise.try (https://www.demoblaze.com/__cypress/runner/cypress_runner.js:4315:29)\n    at whenStable (https://www.demoblaze.com/__cypress/runner/cypress_runner.js:143587:68)\n    at <unknown> (https://www.demoblaze.com/__cypress/runner/cypress_runner.js:143528:14)\n    at tryCatcher (https://www.demoblaze.com/__cypress/runner/cypress_runner.js:1807:23)\n    at Promise._settlePromiseFromHandler (https://www.demoblaze.com/__cypress/runner/cypress_runner.js:1519:31)\n    at Promise._settlePromise (https://www.demoblaze.com/__cypress/runner/cypress_runner.js:1576:18)\n    at Promise._settlePromise0 (https://www.demoblaze.com/__cypress/runner/cypress_runner.js:1621:10)\n    at Promise._settlePromises (https://www.demoblaze.com/__cypress/runner/cypress_runner.js:1701:18)\n    at Promise._fulfill (https://www.demoblaze.com/__cypress/runner/cypress_runner.js:1645:18)\n    at <unknown> (https://www.demoblaze.com/__cypress/runner/cypress_runner.js:5450:46)\nFrom Your Spec Code:\n    at HomePageAPI._waitForEntriesRequest (webpack://project-cypress-youtube/./cypress/support/HomePageAPI.js:11:11)\n    at HomePageAPI.waitForHomePageLoaded (webpack://project-cypress-youtube/./cypress/support/HomePageAPI.js:7:13)\n    at Context.eval (webpack://project-cypress-youtube/./cypress/tests/components/HomePageCategoryTest.js:6:21)",
                "diff": null
              },
              "uuid": "451c6ba6-01df-47d3-af7e-cd5c2a218a40",
              "parentUUID": "2ada65de-5b0b-41e8-b123-4afaef38ccf9",
              "isHook": false,
              "skipped": false
            },
            {
              "title": "should be able to filter notebook products",
              "fullTitle": "HomePage category Test should be able to filter notebook products",
              "timedOut": null,
              "duration": 0,
              "state": "skipped",
              "speed": null,
              "pass": false,
              "fail": false,
              "pending": false,
              "context": null,
              "code": "verifyCategoryFilterBy(product);",
              "err": {},
              "uuid": "de4d026b-2468-470f-a72a-fa7cb246304c",
              "parentUUID": "2ada65de-5b0b-41e8-b123-4afaef38ccf9",
              "isHook": false,
              "skipped": true
            },
            {
              "title": "should be able to filter monitor products",
              "fullTitle": "HomePage category Test should be able to filter monitor products",
              "timedOut": null,
              "duration": 0,
              "state": "skipped",
              "speed": null,
              "pass": false,
              "fail": false,
              "pending": false,
              "context": null,
              "code": "verifyCategoryFilterBy(product);",
              "err": {},
              "uuid": "69964070-c4f4-40f5-acfd-51575896ac37",
              "parentUUID": "2ada65de-5b0b-41e8-b123-4afaef38ccf9",
              "isHook": false,
              "skipped": true
            }
          ],
          "suites": [],
          "passes": [],
          "failures": [
            "451c6ba6-01df-47d3-af7e-cd5c2a218a40"
          ],
          "pending": [],
          "skipped": [
            "de4d026b-2468-470f-a72a-fa7cb246304c",
            "69964070-c4f4-40f5-acfd-51575896ac37"
          ],
          "duration": 6293,
          "root": false,
          "rootEmpty": false,
          "_timeout": 2000
        }
      ],
      "passes": [],
      "failures": [],
      "pending": [],
      "skipped": [],
      "duration": 0,
      "root": true,
      "rootEmpty": true,
      "_timeout": 2000
    }
  ],
  "meta": {
    "mocha": {
      "version": "7.0.1"
    },
    "mochawesome": {
      "options": {
        "quiet": false,
        "reportFilename": "mochawesome",
        "saveHtml": false,
        "saveJson": true,
        "consoleReporter": "spec",
        "useInlineDiffs": false,
        "code": true
      },
      "version": "7.1.3"
    },
    "marge": {
      "options": {
        "reportDir": "results",
        "overwrite": false,
        "html": false,
        "json": true
      },
      "version": "6.2.0"
    }
  }
}