{
  "stats": {
    "suites": 1,
    "tests": 2,
    "passes": 2,
    "pending": 0,
    "failures": 0,
    "start": "2024-11-12T05:45:05.882Z",
    "end": "2024-11-12T05:45:07.405Z",
    "duration": 1523,
    "testsRegistered": 2,
    "passPercent": 100,
    "pendingPercent": 0,
    "other": 0,
    "hasOther": false,
    "skipped": 0,
    "hasSkipped": false
  },
  "results": [
    {
      "uuid": "9fc265a8-f275-4fd8-bae9-192f380257df",
      "title": "",
      "fullFile": "cypress\\tests\\components\\HeaderTest.js",
      "file": "cypress\\tests\\components\\HeaderTest.js",
      "beforeHooks": [],
      "afterHooks": [],
      "tests": [],
      "suites": [
        {
          "uuid": "fdd9d531-683f-44cb-b9a6-9acd9751c9ba",
          "title": "Header Component Test",
          "fullFile": "",
          "file": "",
          "beforeHooks": [],
          "afterHooks": [],
          "tests": [
            {
              "title": "Test for branch logo",
              "fullTitle": "Header Component Test Test for branch logo",
              "timedOut": null,
              "duration": 1140,
              "state": "passed",
              "speed": "fast",
              "pass": true,
              "fail": false,
              "pending": false,
              "context": null,
              "code": "headerComp.brandLogoImg().should('be.visible');\nheaderComp.brandLogo().should('contain.text', BRAND_TEX);",
              "err": {},
              "uuid": "719df2d3-a3a0-4e44-9932-97692991d478",
              "parentUUID": "fdd9d531-683f-44cb-b9a6-9acd9751c9ba",
              "isHook": false,
              "skipped": false
            },
            {
              "title": "Test for header menu",
              "fullTitle": "Header Component Test Test for header menu",
              "timedOut": null,
              "duration": 317,
              "state": "passed",
              "speed": "fast",
              "pass": true,
              "fail": false,
              "pending": false,
              "context": null,
              "code": "//Test nay dang chua tim thay phan tu k hieu kieu gi nua\n// cy.visit('/');\nlet expectedMenuDetails = [];\n//cy.log(JSON.stringify(menuDetailData))\ncy.fixture('menuDetails').then(data => {\n  expectedMenuDetails = data;\n});\nheaderComp.getMenuDetails().then(actualMenuDetail => {\n  cy.wrap('').then(() => {\n    expect(actualMenuDetail).to.be.deep.eq(expectedMenuDetails);\n    cy.log(JSON.stringify(actualMenuDetail));\n    cy.log(JSON.stringify(expectedMenuDetails));\n  });\n});",
              "err": {},
              "uuid": "f1c830c5-3e47-4d6a-92e2-b4f021ebe995",
              "parentUUID": "fdd9d531-683f-44cb-b9a6-9acd9751c9ba",
              "isHook": false,
              "skipped": false
            }
          ],
          "suites": [],
          "passes": [
            "719df2d3-a3a0-4e44-9932-97692991d478",
            "f1c830c5-3e47-4d6a-92e2-b4f021ebe995"
          ],
          "failures": [],
          "pending": [],
          "skipped": [],
          "duration": 1457,
          "root": false,
          "rootEmpty": false,
          "_timeout": 2000
        }
      ],
      "passes": [],
      "failures": [],
      "pending": [],
      "skipped": [],
      "duration": 0,
      "root": true,
      "rootEmpty": true,
      "_timeout": 2000
    }
  ],
  "meta": {
    "mocha": {
      "version": "7.0.1"
    },
    "mochawesome": {
      "options": {
        "quiet": false,
        "reportFilename": "mochawesome",
        "saveHtml": false,
        "saveJson": true,
        "consoleReporter": "spec",
        "useInlineDiffs": false,
        "code": true
      },
      "version": "7.1.3"
    },
    "marge": {
      "options": {
        "reportDir": "results",
        "overwrite": false,
        "html": false,
        "json": true
      },
      "version": "6.2.0"
    }
  }
}